<?xml version="1.0" encoding="UTF-8"?>
<!-- Generated by org.testng.reporters.JUnitReportReporter -->
<testsuite hostname="DESKTOP-4S79IRK" failures="0" tests="2" name="mj.MavenJava.RestApiTest" time="0.003" errors="0" timestamp="2023-08-05T20:56:20 IST" skipped="0">
  <testcase classname="mj.MavenJava.RestApiTest" name="deleteTwitter" time="0.001"/>
  <system-out/>
  <testcase classname="mj.MavenJava.RestApiTest" name="postJira" time="0.002"/>
  <system-out/>
</testsuite> <!-- mj.MavenJava.RestApiTest -->
