<?xml version="1.0" encoding="UTF-8"?>
<!-- Generated by org.testng.reporters.JUnitReportReporter -->
<testsuite hostname="DESKTOP-4S79IRK" failures="0" tests="2" name="mj.MavenJava.SeleniumTest" time="0.016" errors="0" timestamp="2023-08-05T20:56:20 IST" skipped="0">
  <testcase classname="mj.MavenJava.SeleniumTest" name="BrowserAutomation" time="0.013"/>
  <system-out/>
  <testcase classname="mj.MavenJava.SeleniumTest" name="elementUI" time="0.003"/>
  <system-out/>
</testsuite> <!-- mj.MavenJava.SeleniumTest -->
